<?xml version="1.0" encoding="UTF-8"?>
<!-- Generated by org.testng.reporters.JUnitXMLReporter -->
<testsuite ignored="0" hostname="LORF860912" failures="0" tests="5" name="Test" time="134.218" errors="0" timestamp="2024-09-19T02:20:46 CST">
  <testcase classname="com.apex.liverpool.TC_Scenario001" name="save_cookies" time="45.765"/>
  <testcase classname="com.apex.liverpool.TC_Scenario001" name="scenario001" time="18.724"/>
  <testcase classname="com.apex.liverpool.TC_Scenario001" name="scenario002" time="22.386"/>
  <testcase classname="com.apex.liverpool.TC_Scenario001" name="scenario003" time="14.938"/>
  <testcase classname="com.apex.liverpool.TC_ScenarioTest" name="scenario_test" time="6.752"/>
</testsuite> <!-- Test -->
